<?xml version="1.0" encoding="UTF-8"?>
<!-- Generated by org.testng.reporters.JUnitXMLReporter -->
<testsuite ignored="0" hostname="Rias-MacBook-Air-2.local" failures="1" tests="3" name="Test" time="16.541" errors="0" timestamp="2023-10-07T19:06:13 NZDT">
  <testcase classname="sel.test.Regression" name="regression" time="1.39"/>
  <testcase classname="sel.test.Regression" name="regression" time="2.656">
    <failure type="java.lang.AssertionError" message="expected [true] but found [false]">
      <![CDATA[java.lang.AssertionError: expected [true] but found [false]
at sel.test.Regression.regression(Regression.java:84)
at java.base/java.util.ArrayList.forEach(ArrayList.java:1511)
... Removed 31 stack frames]]>
    </failure>
  </testcase> <!-- regression -->
  <testcase classname="sel.test.Regression" name="regression" time="1.86"/>
</testsuite> <!-- Test -->
